<?xml version="1.0" encoding="UTF-8"?>
<!-- Generated by org.testng.reporters.JUnitReportReporter -->
<testsuite hostname="WINCTRL-DBGLLAU" failures="0" tests="1" name="practise.CreateContentSearch" time="6.453" errors="0" timestamp="2021-09-06T10:45:58 IST" skipped="0">
  <testcase classname="practise.CreateContentSearch" name="sampleTest" time="6.453"/>
  <system-out/>
</testsuite> <!-- practise.CreateContentSearch -->
