<?xml version="1.0" encoding="UTF-8"?>
<!-- Generated by org.testng.reporters.JUnitReportReporter -->
<testsuite hostname="WINCTRL-DBGLLAU" failures="0" tests="1" name="practise.DynamicWebTable" time="11.409" errors="0" timestamp="2021-09-08T10:32:22 IST" skipped="0">
  <testcase classname="practise.DynamicWebTable" name="handlingDynamicWebTable" time="11.409"/>
  <system-out/>
</testsuite> <!-- practise.DynamicWebTable -->
