<?xml version="1.0" encoding="UTF-8"?>
<!-- Generated by org.testng.reporters.JUnitReportReporter -->
<testsuite hostname="WINCTRL-DBGLLAU" failures="0" tests="1" name="UtilitiesPackage.TC_03_CreateProductAndSearchTest" time="20.566" errors="0" timestamp="2021-09-12T12:34:46 IST" skipped="0">
  <testcase classname="UtilitiesPackage.TC_03_CreateProductAndSearchTest" name="CreateProductAndVerify" time="20.566"/>
  <system-out/>
</testsuite> <!-- UtilitiesPackage.TC_03_CreateProductAndSearchTest -->
