<?xml version="1.0" encoding="UTF-8"?>
<!-- Generated by org.testng.reporters.JUnitReportReporter -->
<testsuite hostname="WINCTRL-DBGLLAU" failures="0" tests="1" name="practise.AccountStatus_UnitTest" time="0.351" errors="0" timestamp="2021-09-07T10:44:46 IST" skipped="0">
  <testcase classname="practise.AccountStatus_UnitTest" name="testAccountType" time="0.351"/>
  <system-out/>
</testsuite> <!-- practise.AccountStatus_UnitTest -->
