<?xml version="1.0" encoding="UTF-8"?>
<!-- Generated by org.testng.reporters.JUnitReportReporter -->
<testsuite hostname="WINCTRL-DBGLLAU" failures="0" tests="1" name="practise.ReadFromXML" time="0.013" errors="0" timestamp="2021-09-07T14:02:31 IST" skipped="0">
  <testcase classname="practise.ReadFromXML" name="readDataFromXML" time="0.013"/>
  <system-out/>
</testsuite> <!-- practise.ReadFromXML -->
