<?xml version="1.0" encoding="UTF-8"?>
<!-- Generated by org.testng.reporters.JUnitReportReporter -->
<testsuite hostname="WINCTRL-DBGLLAU" failures="0" tests="1" name="practise.TC02_CreateOrganisationWithEducation" time="22.012" errors="0" timestamp="2021-09-13T10:34:03 IST" skipped="0">
  <testcase classname="practise.TC02_CreateOrganisationWithEducation" name="creatContactWithOrganizatio" time="22.012"/>
  <system-out/>
</testsuite> <!-- practise.TC02_CreateOrganisationWithEducation -->
